<?xml version="1.0" encoding="UTF-8"?>
<!-- Generated by org.testng.reporters.JUnitReportReporter -->
<testsuite hostname="DESKTOP-10HC8UM" failures="0" tests="1" name="Projects.GetAllProjects" time="0.543" errors="0" timestamp="2024-07-28T18:08:21 EEST" skipped="0">
  <testcase classname="Projects.GetAllProjects" name="getallprojects" time="0.543"/>
</testsuite> <!-- Projects.GetAllProjects -->
