<?xml version="1.0" encoding="UTF-8"?>
<!-- Generated by org.testng.reporters.JUnitReportReporter -->
<testsuite hostname="DESKTOP-10HC8UM" failures="0" tests="1" name="dealApp.users.GetUserProfile" time="3.152" errors="0" timestamp="2024-07-28T15:52:12 EEST" skipped="0">
  <testcase classname="dealApp.users.GetUserProfile" name="getUserProfileData" time="3.152"/>
</testsuite> <!-- dealApp.users.GetUserProfile -->
