<?xml version="1.0" encoding="UTF-8"?>
<!-- Generated by org.testng.reporters.JUnitReportReporter -->
<testsuite hostname="DESKTOP-10HC8UM" failures="0" tests="1" name="Projects.UpdateProject" time="1.802" errors="0" timestamp="2024-07-30T14:34:33 EEST" skipped="0">
  <testcase classname="Projects.UpdateProject" name="updateProject" time="1.802"/>
</testsuite> <!-- Projects.UpdateProject -->
