<?xml version="1.0" encoding="UTF-8"?>
<!-- Generated by org.testng.reporters.JUnitReportReporter -->
<testsuite hostname="DESKTOP-10HC8UM" failures="0" tests="1" name="Projects.GetAllProjectsData" time="2.526" errors="0" timestamp="2024-07-30T14:34:33 EEST" skipped="0">
  <testcase classname="Projects.GetAllProjectsData" name="getallprojects" time="2.526"/>
</testsuite> <!-- Projects.GetAllProjectsData -->
