<?xml version="1.0" encoding="UTF-8"?>
<!-- Generated by org.testng.reporters.JUnitReportReporter -->
<testsuite hostname="DESKTOP-10HC8UM" failures="0" tests="1" name="Users.GetUserProfile" time="3.916" errors="0" timestamp="2024-07-29T14:35:34 EEST" skipped="0">
  <testcase classname="Users.GetUserProfile" name="getUserProfileData" time="3.916"/>
</testsuite> <!-- Users.GetUserProfile -->
